<?xml version="1.0" encoding="UTF-8"?>
<Site BuildName="(empty)"
	BuildStamp="20241204-1642-Experimental"
	Name="(empty)"
	Generator="ctest-3.28.3"
	CompilerName=""
	CompilerVersion=""
	OSName="Linux"
	Hostname="denis-VirtualBox"
	OSRelease="6.8.0-49-generic"
	OSVersion="#49-Ubuntu SMP PREEMPT_DYNAMIC Mon Nov  4 02:06:24 UTC 2024"
	OSPlatform="x86_64"
	Is64Bits="1"
	VendorString="GenuineIntel"
	VendorID="Intel Corporation"
	FamilyID="6"
	ModelID="154"
	ProcessorCacheSize="18432"
	NumberOfLogicalCPU="4"
	NumberOfPhysicalCPU="4"
	TotalVirtualMemory="3914"
	TotalPhysicalMemory="5898"
	LogicalProcessorsPerPhysical="1"
	ProcessorClockFrequency="3110.4"
	>
	<Testing>
		<StartDateTime>Dec 04 22:32 +03</StartDateTime>
		<StartTestTime>1733340779</StartTestTime>
		<TestList/>
		<EndDateTime>Dec 04 22:32 +03</EndDateTime>
		<EndTestTime>1733340779</EndTestTime>
		<ElapsedMinutes>0</ElapsedMinutes>
	</Testing>
</Site>
